2024-02-07 11:55:53 INFO::Writing function arguments to log file
2024-02-07 11:55:53 DEBUG::Function arguments
2024-02-07 11:55:53 DEBUG::Output folder: /Users/liztown/Documents/KalanLab/CHGproject/Aim2experiments/All3Replicates/16SanalysisALLpigs/Final_MAASLIN/PMAxxVnone.AllPigs.CHG.Full.0hrto48hr
2024-02-07 11:55:53 DEBUG::Min Abundance: 0.010000
2024-02-07 11:55:53 DEBUG::Min Prevalence: 0.100000
2024-02-07 11:55:53 DEBUG::Normalization: TSS
2024-02-07 11:55:53 DEBUG::Transform: LOG
2024-02-07 11:55:53 DEBUG::Analysis method: LM
2024-02-07 11:55:53 DEBUG::Max significance: 0.250000
2024-02-07 11:55:53 DEBUG::Random effects: Pig
2024-02-07 11:55:53 DEBUG::Fixed effects: PMAxx
2024-02-07 11:55:53 DEBUG::Correction method: BH
2024-02-07 11:55:53 DEBUG::Standardize: TRUE
2024-02-07 11:55:53 DEBUG::Cores: 1
2024-02-07 11:55:53 INFO::Verifying options selected are valid
2024-02-07 11:55:53 INFO::Determining format of input files
2024-02-07 11:55:53 INFO::Input format is data samples as rows and metadata samples as rows
2024-02-07 11:55:53 DEBUG::The following samples were found to have features but no metadata. They will be removed. LK16S005-001,LK16S005-002,LK16S005-003,LK16S005-004,LK16S005-005,LK16S005-006,LK16S005-007,LK16S005-008,LK16S005-009,LK16S005-010,LK16S005-011,LK16S005-012,LK16S005-025,LK16S005-026,LK16S005-027,LK16S005-028,LK16S005-029,LK16S005-030,LK16S005-043,LK16S005-044,LK16S005-045,LK16S005-046,LK16S005-047,LK16S005-048,LK16S005-061,LK16S005-062,LK16S005-063,LK16S005-064,LK16S005-065,LK16S005-066,LK16S005-079,LK16S005-080,LK16S005-081,LK16S005-082,LK16S005-083,LK16S005-084,LK16S008-001,LK16S008-002,LK16S008-005,LK16S008-006,LK16S008-009,LK16S008-010,LK16S008-013,LK16S008-014,LK16S008-017,LK16S008-018,LK16S008-021,LK16S008-022,LK16S008-025,LK16S008-026,LK16S008-027,LK16S008-028,LK16S008-033,LK16S008-034,LK16S008-035,LK16S008-036,LK16S008-041,LK16S008-042,LK16S008-043,LK16S008-044,LK16S008-049,LK16S008-050,LK16S008-055,LK16S008-056,LK16S008-057,LK16S008-058,LK16S008-063,LK16S008-064,LK16S008-065,LK16S008-066,LK16S008-071,LK16S008-072,LK16S008-077,LK16S008-078,LK16S008-085,LK16S008-086,LK16S008-093,LK16S008-094,LK16S008-103,LK16S008-104,LK16S008-111,LK16S008-112,LK16S008-119,LK16S008-120,LK16S008-121,LK16S008-122,LK16S008-125,LK16S008-126,LK16S008-129,LK16S008-130,LK16S008-133,LK16S008-134,LK16S008-137,LK16S008-138,LK16S008-141,LK16S008-142,LK16S008-145,LK16S008-146,LK16S008-147,LK16S008-148,LK16S008-153,LK16S008-154,LK16S008-155,LK16S008-156,LK16S008-161,LK16S008-162,LK16S008-163,LK16S008-164,LK16S008-169,LK16S008-170,LK16S008-175,LK16S008-176,LK16S008-177,LK16S008-178,LK16S008-183,LK16S008-184,LK16S008-185,LK16S008-186,LK16S008-191,LK16S008-192,LK16S011-369,LK16S011-370
2024-02-07 11:55:53 DEBUG::The following samples were found to have metadata but no features. They will be removed. LK16S008-108,LK16S008-118,LK16S008-124,LK16S008-132,LK16S008-168,LK16S008-174,LK16S008-182,LK16S008-204,LK16S008-205
2024-02-07 11:55:53 DEBUG::A total of 180 samples were found in both the data and metadata
2024-02-07 11:55:53 DEBUG::Reordering data/metadata to use same sample ordering
2024-02-07 11:55:53 INFO::Formula for random effects: expr ~ (1 | Pig)
2024-02-07 11:55:53 INFO::Formula for fixed effects: expr ~  PMAxx
2024-02-07 11:55:53 INFO::Filter data based on min abundance and min prevalence
2024-02-07 11:55:53 INFO::Total samples in data: 180
2024-02-07 11:55:53 INFO::Min samples required with min abundance for a feature not to be filtered: 18.000000
2024-02-07 11:55:53 INFO::Total filtered features: 214
2024-02-07 11:55:53 INFO::Filtered feature names from abundance and prevalence filtering: Acholeplasma, Achromobacter, Acidaminococcus, Acidovorax, Actinobacillus, Actinobaculum, Actinomadura, Actinomyces, Actinomycetospora, Aggregatibacter, Agrobacterium, Agrococcus, Akkermansia, Alcaligenes, Alishewanella, Alkanindiges, Alloiococcus, Anaerococcus, Anaerovibrio, Anoxybacillus, Aquabacterium, Arcobacter, Arthrobacter, Atopobium, Bacteroides, Balneimonas, Bifidobacterium, Blautia, Brachybacterium, Brevibacillus, Brevibacterium, Brevundimonas, Bulleidia, Burkholderia, Butyricicoccus, Caldilinea, Campylobacter, Candidatus.Azobacteroides, Cardiobacterium, Cellulosimicrobium, CF231, Chryseomicrobium, Chthoniobacter, Citrobacter, Cloacibacterium, Clostridium, Cohnella, Comamonas, Coprococcus, Cronobacter, Dehalobacterium, Deinococcus, Delftia, Dermabacter, Dermacoccus, Dermatophilus, Desulfovibrio, Devosia, Dialister, Diaphorobacter, Dietzia, Dorea, Elizabethkingia, Elusimicrobium, Enterobacter, Enterococcus, Epulopiscium, Erwinia, Erysipelothrix, Ethanoligenens, Ewingella, Faecalibacterium, Fibrobacter, Filifactor, Finegoldia, Flavobacterium, Flexispira, Fluviicola, Friedmanniella, Fusobacterium, Gallicola, Gardnerella, Gemmata, Gemmiger, Geobacillus, Geodermatophilus, Georgenia, Gluconacetobacter, Glycomyces, Gordonia, Granulicatella, Guggenheimella, GW.34, Haemophilus, Halomonas, Helcobacillus, Helcococcus, Helicobacter, Hymenobacter, Janthinobacterium, Jeotgalicoccus, Kocuria, Kytococcus, Labrenzia, Lachnoanaerobaculum, Lachnobacterium, Lachnospira, Lactobacillus, Lactococcus, Lampropedia, Lautropia, Leptotrichia, Leucobacter, Leuconostoc, Listeria, Luteibacter, Lysobacter, Marmoricola, Massilia, Megasphaera, Methanobrevibacter, Microbacterium, Microbispora, Micrococcus, Mitsuokella, Modestobacter, Moryella, Mucilaginibacter, Mycoplasma, Myroides, N09, Neisseria, Nesterenkonia, Nocardioides, Novosphingobium, Ochrobactrum, Olsenella, Oribacterium, Ornithinimicrobium, Oscillospira, p.75.a5, Paenibacillus, Paludibacter, Pannonibacter, Parabacteroides, Paracoccus, Paraprevotella, Pediococcus, Pedobacter, Peptoniphilus, Peptostreptococcus, Petrobacter, ph2, Phascolarctobacterium, Planifilum, Planomicrobium, Pontibacter, Porphyromonas, Prevotella, Proteiniclasticum, Pseudaminobacter, Pseudochrobactrum, Pseudoclavibacter, Pseudomonas, Pseudonocardia, Pseudoxanthomonas, Psychrobacter, Rahnella, Rheinheimera, Rhizobium, Rhodobacter, Rhodococcus, Rhodoplanes, Roseburia, Roseomonas, Rubellimicrobium, Ruminococcus, Rummeliibacillus, Saccharibacillus, Salana, Sarcina, Selenomonas, Serratia, Shewanella, Skermanella, Solibacillus, Sphingobacterium, Sphingobium, Spirosoma, Sporosarcina, Stenotrophomonas, Streptococcus, Streptomyces, Succinivibrio, Synergistes, Terriglobus, Tessaracoccus, Thermicanus, Thermoactinomyces, Treponema, Trichococcus, Truepera, Trueperella, Uruburuella, Variovorax, Veillonella, WAL_1855D, Wautersiella, Weissella, Xanthobacter, Xanthomonas, YRC22, Cutibacterium, Eubacterium
2024-02-07 11:55:53 INFO::Total filtered features with variance filtering: 1
2024-02-07 11:55:53 INFO::Filtered feature names from variance filtering: SampleID
2024-02-07 11:55:53 INFO::Running selected normalization method: TSS
2024-02-07 11:55:53 INFO::Applying z-score to standardize continuous metadata
2024-02-07 11:55:53 INFO::Running selected transform method: LOG
2024-02-07 11:55:53 INFO::Running selected analysis method: LM
2024-02-07 11:55:53 INFO::Fitting model to feature number 1, Acinetobacter
2024-02-07 11:55:53 INFO::Fitting model to feature number 2, Aerococcus
2024-02-07 11:55:53 INFO::Fitting model to feature number 3, Bacillus
2024-02-07 11:55:54 INFO::Fitting model to feature number 4, Corynebacterium
2024-02-07 11:55:54 INFO::Fitting model to feature number 5, Macrococcus
2024-02-07 11:55:54 INFO::Fitting model to feature number 6, Moraxella
2024-02-07 11:55:54 INFO::Fitting model to feature number 7, Proteus
2024-02-07 11:55:54 INFO::Fitting model to feature number 8, Rothia
2024-02-07 11:55:54 INFO::Fitting model to feature number 9, SMB53
2024-02-07 11:55:54 INFO::Fitting model to feature number 10, Staphylococcus
2024-02-07 11:55:54 INFO::Fitting model to feature number 11, Turicibacter
2024-02-07 11:55:54 INFO::Fitting model to feature number 12, Grand.Total
2024-02-07 11:55:54 INFO::Counting total values for each feature
2024-02-07 11:55:54 INFO::Writing residuals to file /Users/liztown/Documents/KalanLab/CHGproject/Aim2experiments/All3Replicates/16SanalysisALLpigs/Final_MAASLIN/PMAxxVnone.AllPigs.CHG.Full.0hrto48hr/residuals.rds
2024-02-07 11:55:54 INFO::Writing fitted values to file /Users/liztown/Documents/KalanLab/CHGproject/Aim2experiments/All3Replicates/16SanalysisALLpigs/Final_MAASLIN/PMAxxVnone.AllPigs.CHG.Full.0hrto48hr/fitted.rds
2024-02-07 11:55:54 INFO::Writing extracted random effects to file /Users/liztown/Documents/KalanLab/CHGproject/Aim2experiments/All3Replicates/16SanalysisALLpigs/Final_MAASLIN/PMAxxVnone.AllPigs.CHG.Full.0hrto48hr/ranef.rds
2024-02-07 11:55:54 INFO::Writing all results to file (ordered by increasing q-values): /Users/liztown/Documents/KalanLab/CHGproject/Aim2experiments/All3Replicates/16SanalysisALLpigs/Final_MAASLIN/PMAxxVnone.AllPigs.CHG.Full.0hrto48hr/all_results.tsv
2024-02-07 11:55:54 INFO::Writing the significant results (those which are less than or equal to the threshold of 0.250000 ) to file (ordered by increasing q-values): /Users/liztown/Documents/KalanLab/CHGproject/Aim2experiments/All3Replicates/16SanalysisALLpigs/Final_MAASLIN/PMAxxVnone.AllPigs.CHG.Full.0hrto48hr/significant_results.tsv
2024-02-07 11:55:54 INFO::Writing heatmap of significant results to file: /Users/liztown/Documents/KalanLab/CHGproject/Aim2experiments/All3Replicates/16SanalysisALLpigs/Final_MAASLIN/PMAxxVnone.AllPigs.CHG.Full.0hrto48hr/heatmap.pdf
2024-02-07 11:55:54 INFO::Writing association plots (one for each significant association) to output folder: /Users/liztown/Documents/KalanLab/CHGproject/Aim2experiments/All3Replicates/16SanalysisALLpigs/Final_MAASLIN/PMAxxVnone.AllPigs.CHG.Full.0hrto48hr
2024-02-07 11:55:54 INFO::Plotting associations from most to least significant, grouped by metadata
2024-02-07 11:55:54 INFO::Plotting data for metadata number 1, PMAxx
2024-02-07 11:55:54 INFO::Creating boxplot for categorical data, PMAxx vs Acinetobacter
2024-02-07 11:55:55 INFO::Creating boxplot for categorical data, PMAxx vs Turicibacter
2024-02-07 11:55:55 INFO::Creating boxplot for categorical data, PMAxx vs SMB53
2024-02-07 11:55:55 INFO::Creating boxplot for categorical data, PMAxx vs Rothia
2024-02-07 11:55:56 INFO::Creating boxplot for categorical data, PMAxx vs Aerococcus
2024-02-07 11:55:56 INFO::Creating boxplot for categorical data, PMAxx vs Staphylococcus
2024-02-07 11:55:57 INFO::Creating boxplot for categorical data, PMAxx vs Moraxella
2024-02-07 11:55:58 INFO::Creating boxplot for categorical data, PMAxx vs Macrococcus
2024-02-07 11:55:58 INFO::Creating boxplot for categorical data, PMAxx vs Grand.Total
2024-02-07 11:55:58 INFO::Creating boxplot for categorical data, PMAxx vs Proteus
